Determining if the Q_WS_WIN exist failed with the following output:
Change Dir: /import/etud/43/sberger/Bureau/visualisation/paraview/BumpMapper/PV/CMakeFiles/CMakeTmp

Run Build Command:/usr/bin/make "cmTryCompileExec3221550255/fast"
make: AVERTISSEMENT: fichier « Makefile » a une date de modification 0,059 dans le futur
/usr/bin/make -f CMakeFiles/cmTryCompileExec3221550255.dir/build.make CMakeFiles/cmTryCompileExec3221550255.dir/build
make[1]: entrant dans le répertoire « /import/etud/43/sberger/Bureau/visualisation/paraview/BumpMapper/PV/CMakeFiles/CMakeTmp »
make[1]: AVERTISSEMENT: fichier « CMakeFiles/cmTryCompileExec3221550255.dir/flags.make » a une date de modification 0,048 dans le futur
/usr/bin/cmake -E cmake_progress_report /import/etud/43/sberger/Bureau/visualisation/paraview/BumpMapper/PV/CMakeFiles/CMakeTmp/CMakeFiles 1
Building CXX object CMakeFiles/cmTryCompileExec3221550255.dir/CheckSymbolExists.cxx.o
/usr/bin/c++    -I/usr/include/qt4    -o CMakeFiles/cmTryCompileExec3221550255.dir/CheckSymbolExists.cxx.o -c /import/etud/43/sberger/Bureau/visualisation/paraview/BumpMapper/PV/CMakeFiles/CMakeTmp/CheckSymbolExists.cxx
/import/etud/43/sberger/Bureau/visualisation/paraview/BumpMapper/PV/CMakeFiles/CMakeTmp/CheckSymbolExists.cxx: In function ‘int main(int, char**)’:
/import/etud/43/sberger/Bureau/visualisation/paraview/BumpMapper/PV/CMakeFiles/CMakeTmp/CheckSymbolExists.cxx:8:19: error: ‘Q_WS_WIN’ was not declared in this scope
   return ((int*)(&Q_WS_WIN))[argc];
                   ^
make[1]: *** [CMakeFiles/cmTryCompileExec3221550255.dir/CheckSymbolExists.cxx.o] Erreur 1
make[1]: quittant le répertoire « /import/etud/43/sberger/Bureau/visualisation/paraview/BumpMapper/PV/CMakeFiles/CMakeTmp »
make: *** [cmTryCompileExec3221550255/fast] Erreur 2

File /import/etud/43/sberger/Bureau/visualisation/paraview/BumpMapper/PV/CMakeFiles/CMakeTmp/CheckSymbolExists.cxx:
/* */
#include <QtCore/qglobal.h>

int main(int argc, char** argv)
{
  (void)argv;
#ifndef Q_WS_WIN
  return ((int*)(&Q_WS_WIN))[argc];
#else
  (void)argc;
  return 0;
#endif
}

Determining if the Q_WS_QWS exist failed with the following output:
Change Dir: /import/etud/43/sberger/Bureau/visualisation/paraview/BumpMapper/PV/CMakeFiles/CMakeTmp

Run Build Command:/usr/bin/make "cmTryCompileExec1310054774/fast"
make: AVERTISSEMENT: fichier « Makefile » a une date de modification 0,059 dans le futur
/usr/bin/make -f CMakeFiles/cmTryCompileExec1310054774.dir/build.make CMakeFiles/cmTryCompileExec1310054774.dir/build
make[1]: entrant dans le répertoire « /import/etud/43/sberger/Bureau/visualisation/paraview/BumpMapper/PV/CMakeFiles/CMakeTmp »
make[1]: AVERTISSEMENT: fichier « CMakeFiles/cmTryCompileExec1310054774.dir/flags.make » a une date de modification 0,049 dans le futur
/usr/bin/cmake -E cmake_progress_report /import/etud/43/sberger/Bureau/visualisation/paraview/BumpMapper/PV/CMakeFiles/CMakeTmp/CMakeFiles 1
Building CXX object CMakeFiles/cmTryCompileExec1310054774.dir/CheckSymbolExists.cxx.o
/usr/bin/c++    -I/usr/include/qt4    -o CMakeFiles/cmTryCompileExec1310054774.dir/CheckSymbolExists.cxx.o -c /import/etud/43/sberger/Bureau/visualisation/paraview/BumpMapper/PV/CMakeFiles/CMakeTmp/CheckSymbolExists.cxx
/import/etud/43/sberger/Bureau/visualisation/paraview/BumpMapper/PV/CMakeFiles/CMakeTmp/CheckSymbolExists.cxx: In function ‘int main(int, char**)’:
/import/etud/43/sberger/Bureau/visualisation/paraview/BumpMapper/PV/CMakeFiles/CMakeTmp/CheckSymbolExists.cxx:8:19: error: ‘Q_WS_QWS’ was not declared in this scope
   return ((int*)(&Q_WS_QWS))[argc];
                   ^
make[1]: *** [CMakeFiles/cmTryCompileExec1310054774.dir/CheckSymbolExists.cxx.o] Erreur 1
make[1]: quittant le répertoire « /import/etud/43/sberger/Bureau/visualisation/paraview/BumpMapper/PV/CMakeFiles/CMakeTmp »
make: *** [cmTryCompileExec1310054774/fast] Erreur 2

File /import/etud/43/sberger/Bureau/visualisation/paraview/BumpMapper/PV/CMakeFiles/CMakeTmp/CheckSymbolExists.cxx:
/* */
#include <QtCore/qglobal.h>

int main(int argc, char** argv)
{
  (void)argv;
#ifndef Q_WS_QWS
  return ((int*)(&Q_WS_QWS))[argc];
#else
  (void)argc;
  return 0;
#endif
}

Determining if the Q_WS_MAC exist failed with the following output:
Change Dir: /import/etud/43/sberger/Bureau/visualisation/paraview/BumpMapper/PV/CMakeFiles/CMakeTmp

Run Build Command:/usr/bin/make "cmTryCompileExec3710001439/fast"
make: AVERTISSEMENT: fichier « Makefile » a une date de modification 0,059 dans le futur
/usr/bin/make -f CMakeFiles/cmTryCompileExec3710001439.dir/build.make CMakeFiles/cmTryCompileExec3710001439.dir/build
make[1]: entrant dans le répertoire « /import/etud/43/sberger/Bureau/visualisation/paraview/BumpMapper/PV/CMakeFiles/CMakeTmp »
make[1]: AVERTISSEMENT: fichier « CMakeFiles/cmTryCompileExec3710001439.dir/flags.make » a une date de modification 0,047 dans le futur
/usr/bin/cmake -E cmake_progress_report /import/etud/43/sberger/Bureau/visualisation/paraview/BumpMapper/PV/CMakeFiles/CMakeTmp/CMakeFiles 1
Building CXX object CMakeFiles/cmTryCompileExec3710001439.dir/CheckSymbolExists.cxx.o
/usr/bin/c++    -I/usr/include/qt4    -o CMakeFiles/cmTryCompileExec3710001439.dir/CheckSymbolExists.cxx.o -c /import/etud/43/sberger/Bureau/visualisation/paraview/BumpMapper/PV/CMakeFiles/CMakeTmp/CheckSymbolExists.cxx
/import/etud/43/sberger/Bureau/visualisation/paraview/BumpMapper/PV/CMakeFiles/CMakeTmp/CheckSymbolExists.cxx: In function ‘int main(int, char**)’:
/import/etud/43/sberger/Bureau/visualisation/paraview/BumpMapper/PV/CMakeFiles/CMakeTmp/CheckSymbolExists.cxx:8:19: error: ‘Q_WS_MAC’ was not declared in this scope
   return ((int*)(&Q_WS_MAC))[argc];
                   ^
make[1]: *** [CMakeFiles/cmTryCompileExec3710001439.dir/CheckSymbolExists.cxx.o] Erreur 1
make[1]: quittant le répertoire « /import/etud/43/sberger/Bureau/visualisation/paraview/BumpMapper/PV/CMakeFiles/CMakeTmp »
make: *** [cmTryCompileExec3710001439/fast] Erreur 2

File /import/etud/43/sberger/Bureau/visualisation/paraview/BumpMapper/PV/CMakeFiles/CMakeTmp/CheckSymbolExists.cxx:
/* */
#include <QtCore/qglobal.h>

int main(int argc, char** argv)
{
  (void)argv;
#ifndef Q_WS_MAC
  return ((int*)(&Q_WS_MAC))[argc];
#else
  (void)argc;
  return 0;
#endif
}

